<?xml version="1.0" encoding="UTF-8"?>
<testsuite name="MyNodeTest" tests="1" skipped="0" failures="0" errors="0" timestamp="2020-12-02T11:40:37" hostname="DESKTOP-J9DM2GE" time="0.006">
  <properties/>
  <testcase name="given3numberswhenlinkedshouldpasstest" classname="MyNodeTest" time="0.006"/>
  <system-out><![CDATA[]]></system-out>
  <system-err><![CDATA[]]></system-err>
</testsuite>
