<?xml version="1.0" encoding="UTF-8"?>
<testsuite name="MyLinkedTest" tests="1" skipped="0" failures="0" errors="0" timestamp="2020-12-03T14:49:52" hostname="DESKTOP-J9DM2GE" time="0.004">
  <properties/>
  <testcase name="givenNumberssortLinkedListResult" classname="MyLinkedTest" time="0.004"/>
  <system-out><![CDATA[My Nodes: 30->40->5670->80
]]></system-out>
  <system-err><![CDATA[]]></system-err>
</testsuite>
