<?xml version="1.0" encoding="UTF-8"?>
<testsuite name="MyLinkedHashMapTest" tests="1" skipped="0" failures="0" errors="0" timestamp="2020-12-04T06:46:38" hostname="DESKTOP-J9DM2GE" time="0.017">
  <properties/>
  <testcase name="givenasentence_whenwordsareaddedtoList_shouldreturnParanoidFrequency" classname="MyLinkedHashMapTest" time="0.017"/>
  <system-out><![CDATA[MyLinkedHashMap List{[MyLinkedListNodes{MyMapNode{k=themselves v=1}}, MyLinkedListNodes{MyMapNode{k=but v=1}->MyMapNode{k=keep v=1}}, MyLinkedListNodes{MyMapNode{k=are v=2}->MyMapNode{k=they v=1}->MyMapNode{k=they v=1}->MyMapNode{k=into v=1}}, null, null, MyLinkedListNodes{MyMapNode{k=paranoids v=1}->MyMapNode{k=putting v=1}}, MyLinkedListNodes{MyMapNode{k=deliberately v=1}}, MyLinkedListNodes{MyMapNode{k=not v=1}->MyMapNode{k=avoidable v=1}}, MyLinkedListNodes{MyMapNode{k=paranoid v=3}->MyMapNode{k=because v=1}->MyMapNode{k=because v=1}}, MyLinkedListNodes{MyMapNode{k=situations v=1}}]}
]]></system-out>
  <system-err><![CDATA[]]></system-err>
</testsuite>
