<?xml version="1.0" encoding="UTF-8"?>
<testsuite name="MyLinkedTest" tests="1" skipped="0" failures="0" errors="0" timestamp="2020-12-03T09:25:43" hostname="DESKTOP-J9DM2GE" time="0.013">
  <properties/>
  <testcase name="given3NumberssearchanddeleteinLinkedListResult" classname="MyLinkedTest" time="0.013"/>
  <system-out><![CDATA[My Nodes: 56->30->70
Length of List is: 3
]]></system-out>
  <system-err><![CDATA[]]></system-err>
</testsuite>
