<?xml version="1.0" encoding="UTF-8"?>
<testsuite name="MyLinkedTest" tests="1" skipped="0" failures="0" errors="0" timestamp="2020-12-02T12:17:05" hostname="DESKTOP-J9DM2GE" time="0.012">
  <properties/>
  <testcase name="given3numberswhenaddedtolinkedlistaddedtotop" classname="MyLinkedTest" time="0.012"/>
  <system-out><![CDATA[My Nodes: 56->30->70
]]></system-out>
  <system-err><![CDATA[]]></system-err>
</testsuite>
